{
  "RSpec": {
    "coverage": {
      "/Users/Wil/Turing/mod-3/projects/uncorked/app/helpers/application_helper.rb": [
        1,
        null
      ],
      "/Users/Wil/Turing/mod-3/projects/uncorked/app/models/badge.rb": [
        1,
        1,
        1,
        null,
        1,
        1,
        1,
        1,
        null,
        1,
        13,
        1,
        1,
        null,
        null,
        null
      ],
      "/Users/Wil/Turing/mod-3/projects/uncorked/app/models/application_record.rb": [
        1,
        1,
        null
      ],
      "/Users/Wil/Turing/mod-3/projects/uncorked/app/models/follow.rb": [
        1,
        1,
        1,
        null,
        1,
        6,
        null,
        null,
        1,
        5,
        null,
        null,
        null,
        null,
        null,
        5,
        null,
        null,
        1,
        1,
        null,
        null,
        null,
        null,
        null,
        1,
        null,
        null
      ],
      "/Users/Wil/Turing/mod-3/projects/uncorked/app/models/review.rb": [
        1,
        1,
        null,
        null,
        null,
        null,
        null,
        1,
        1,
        1,
        null,
        1,
        13,
        null,
        null,
        1,
        13,
        null,
        null,
        null,
        null,
        null,
        null,
        null,
        13,
        null,
        null
      ],
      "/Users/Wil/Turing/mod-3/projects/uncorked/app/models/user_badge.rb": [
        1,
        1,
        1,
        null,
        1,
        1,
        null
      ],
      "/Users/Wil/Turing/mod-3/projects/uncorked/app/models/user.rb": [
        1,
        1,
        null,
        1,
        1,
        null,
        1,
        1,
        null,
        1,
        1,
        null,
        1,
        1,
        null,
        1,
        1,
        1,
        1,
        null,
        null,
        1,
        1,
        0,
        0,
        0,
        0,
        0,
        0,
        0,
        0,
        null,
        null,
        null,
        1,
        38,
        null,
        null,
        1,
        19,
        null,
        null,
        1,
        4,
        null,
        null,
        1,
        51,
        null,
        null,
        1,
        0,
        null,
        null,
        1,
        26,
        null,
        null,
        1,
        25,
        25,
        25,
        25,
        null,
        null
      ],
      "/Users/Wil/Turing/mod-3/projects/uncorked/app/models/user_venue.rb": [
        1,
        1,
        1,
        null
      ],
      "/Users/Wil/Turing/mod-3/projects/uncorked/app/models/venue.rb": [
        1,
        1,
        null,
        1,
        1,
        null,
        1,
        1,
        null,
        1,
        1,
        null,
        1,
        1,
        1,
        null,
        1,
        119,
        null,
        1,
        226,
        null,
        null,
        1,
        118,
        11,
        11,
        11,
        11,
        null,
        null,
        1,
        27,
        27,
        27,
        27,
        null,
        null
      ],
      "/Users/Wil/Turing/mod-3/projects/uncorked/app/models/review_ratings_module.rb": [
        1,
        1,
        166,
        null,
        null,
        1,
        56,
        56,
        null,
        null
      ],
      "/Users/Wil/Turing/mod-3/projects/uncorked/app/models/wine.rb": [
        1,
        1,
        null,
        1,
        1,
        null,
        1,
        1,
        1,
        1,
        1,
        null,
        1,
        0,
        null,
        null,
        1,
        57,
        57,
        57,
        57,
        null,
        null
      ],
      "/Users/Wil/Turing/mod-3/projects/uncorked/app/controllers/application_controller.rb": [
        1,
        1,
        null,
        1,
        null,
        1,
        null,
        1,
        384,
        null,
        null,
        1,
        376,
        null,
        null
      ],
      "/Users/Wil/Turing/mod-3/projects/uncorked/app/controllers/wines_controller.rb": [
        1,
        null,
        1,
        null,
        1,
        17,
        0,
        null,
        null,
        17,
        null,
        null,
        null,
        1,
        35,
        null,
        null,
        1,
        1,
        35,
        null,
        null
      ],
      "/Users/Wil/Turing/mod-3/projects/uncorked/app/models/venue_wine.rb": [
        1,
        1,
        1,
        null
      ],
      "/Users/Wil/Turing/mod-3/projects/uncorked/app/controllers/users/reviews_controller.rb": [
        1,
        1,
        13,
        13,
        null,
        null,
        1,
        13,
        13,
        11,
        11,
        11,
        null,
        2,
        2,
        null,
        13,
        13,
        13,
        13,
        13,
        null,
        0,
        null,
        null,
        null,
        1,
        1,
        24,
        24,
        null,
        null
      ],
      "/Users/Wil/Turing/mod-3/projects/uncorked/app/presenters/new_review_presenter.rb": [
        1,
        1,
        null,
        1,
        13,
        13,
        null,
        null
      ],
      "/Users/Wil/Turing/mod-3/projects/uncorked/app/models/feed.rb": [
        1,
        null,
        1,
        19,
        19,
        19,
        19,
        19,
        19,
        19,
        null,
        null,
        1,
        5,
        5,
        null,
        null,
        1,
        1,
        1,
        null,
        null,
        1,
        13,
        null,
        null,
        1,
        1,
        null,
        null,
        null,
        null,
        null,
        null,
        null,
        null,
        1,
        19,
        null,
        null,
        1,
        null,
        null,
        null,
        null,
        null,
        19,
        null,
        null,
        19,
        null,
        null
      ],
      "/Users/Wil/Turing/mod-3/projects/uncorked/app/controllers/users/profile_controller.rb": [
        1,
        1,
        20,
        20,
        null,
        null
      ],
      "/Users/Wil/Turing/mod-3/projects/uncorked/app/controllers/venues_controller.rb": [
        1,
        null,
        1,
        null,
        1,
        7,
        null,
        null,
        1,
        19,
        null,
        null,
        1,
        0,
        null,
        null,
        1,
        0,
        null,
        0,
        0,
        null,
        0,
        null,
        null,
        null,
        1,
        1,
        0,
        null,
        null,
        1,
        19,
        null,
        null
      ],
      "/Users/Wil/Turing/mod-3/projects/uncorked/app/controllers/follows_controller.rb": [
        1,
        null,
        1,
        5,
        null,
        3,
        null,
        1,
        null,
        1,
        null,
        null,
        5,
        5,
        5,
        5,
        null,
        0,
        null,
        null,
        null,
        1,
        1,
        1,
        1,
        1,
        1,
        1,
        null,
        0,
        null,
        null,
        null,
        1,
        1,
        5,
        null,
        null
      ],
      "/Users/Wil/Turing/mod-3/projects/uncorked/app/controllers/users_controller.rb": [
        1,
        null,
        1,
        1,
        1,
        null,
        1,
        1,
        null,
        null,
        1,
        1,
        1,
        1,
        null,
        1,
        null,
        null,
        null,
        null,
        1,
        null,
        1,
        null,
        1,
        null,
        0,
        null,
        null,
        null,
        1,
        9,
        null,
        null,
        1,
        1,
        null,
        1,
        null,
        1,
        0,
        null,
        0,
        0,
        null,
        1,
        1,
        null,
        null,
        null,
        1,
        0,
        0,
        0,
        0,
        null,
        null,
        1,
        null,
        null,
        1,
        2,
        2,
        null,
        0,
        null,
        null,
        null,
        1,
        1,
        null,
        null,
        1,
        null,
        1,
        14,
        null,
        null,
        1,
        2,
        null,
        null,
        1,
        3,
        null,
        null,
        1,
        0,
        null,
        null,
        1,
        3,
        null,
        null,
        1,
        0,
        0,
        0,
        0,
        0,
        null,
        null,
        null,
        null,
        null,
        null
      ],
      "/Users/Wil/Turing/mod-3/projects/uncorked/app/controllers/home_controller.rb": [
        1,
        null,
        1,
        35,
        2,
        33,
        11,
        22,
        6,
        null,
        null,
        null
      ],
      "/Users/Wil/Turing/mod-3/projects/uncorked/app/controllers/admin/admin_controller.rb": [
        1,
        null,
        1,
        null,
        null
      ],
      "/Users/Wil/Turing/mod-3/projects/uncorked/app/controllers/admin/base_controller.rb": [
        1,
        1,
        null,
        1,
        24,
        null,
        null
      ],
      "/Users/Wil/Turing/mod-3/projects/uncorked/app/controllers/admin/users_controller.rb": [
        1,
        1,
        7,
        null,
        null,
        1,
        5,
        5,
        5,
        null,
        null,
        1,
        null,
        1,
        5,
        null,
        null,
        null
      ],
      "/Users/Wil/Turing/mod-3/projects/uncorked/app/controllers/admin/venues_controller.rb": [
        1,
        1,
        2,
        null,
        null,
        1,
        1,
        1,
        null,
        null
      ],
      "/Users/Wil/Turing/mod-3/projects/uncorked/app/controllers/admin/wines_controller.rb": [
        1,
        1,
        2,
        null,
        null,
        1,
        1,
        1,
        null,
        null
      ],
      "/Users/Wil/Turing/mod-3/projects/uncorked/app/controllers/sessions_controller.rb": [
        1,
        1,
        null,
        1,
        4,
        1,
        1,
        1,
        1,
        0,
        0,
        0,
        null,
        3,
        3,
        3,
        1,
        1,
        2,
        1,
        1,
        null,
        1,
        1,
        null,
        0,
        0,
        0,
        null,
        0,
        0,
        null,
        null,
        null,
        1,
        1,
        1,
        1,
        null,
        null
      ],
      "/Users/Wil/Turing/mod-3/projects/uncorked/app/controllers/venue_wines_controller.rb": [
        1,
        null,
        1,
        null,
        1,
        null,
        null,
        1,
        1,
        2,
        1,
        null,
        null,
        1,
        null,
        null,
        1,
        1,
        1,
        null,
        0,
        null,
        1,
        1,
        1,
        1,
        2,
        1,
        null,
        null,
        null,
        null,
        null,
        1,
        1,
        4,
        null,
        null,
        null,
        null,
        null,
        null
      ],
      "/Users/Wil/Turing/mod-3/projects/uncorked/app/controllers/manager/venues_controller.rb": [
        1,
        null,
        1,
        1,
        1,
        null,
        1,
        1,
        null,
        null,
        1,
        1,
        null,
        1,
        1,
        null,
        0,
        null,
        null,
        null,
        1,
        null,
        null,
        1,
        4,
        null,
        null,
        1,
        null,
        null,
        1,
        1,
        1,
        null,
        0,
        null,
        null,
        null,
        1,
        1,
        2,
        null,
        null,
        1,
        7,
        null,
        null,
        1,
        17,
        6,
        null,
        null,
        null,
        1,
        5,
        1,
        1,
        null,
        0,
        null,
        null,
        null,
        null
      ],
      "/Users/Wil/Turing/mod-3/projects/uncorked/app/controllers/api/v1/wines_controller.rb": [
        1,
        null,
        1,
        null,
        1,
        null,
        null,
        null,
        1,
        null,
        1,
        1,
        null,
        null
      ],
      "/Users/Wil/Turing/mod-3/projects/uncorked/app/channels/application_cable/channel.rb": [
        0,
        0,
        0,
        0
      ],
      "/Users/Wil/Turing/mod-3/projects/uncorked/app/channels/application_cable/connection.rb": [
        0,
        0,
        0,
        0
      ],
      "/Users/Wil/Turing/mod-3/projects/uncorked/app/jobs/application_job.rb": [
        0,
        0
      ],
      "/Users/Wil/Turing/mod-3/projects/uncorked/app/mailers/application_mailer.rb": [
        0,
        0,
        0,
        0
      ]
    },
    "timestamp": 1506009124
  }
}
